<?xml version="1.0" encoding="UTF-8"?>
<!-- Generated by org.testng.reporters.JUnitReportReporter -->
<testsuite hostname="annamaja-VirtualBox" name="com.example.maven.measurement_calculator_annamajal.TestCalculateMeasure" tests="9" failures="0" timestamp="11 Dec 2017 09:43:11 GMT" time="2.101" errors="0">
  <testcase name="testMToCm" time="0.592" classname="com.example.maven.measurement_calculator_annamajal.TestCalculateMeasure"/>
  <testcase name="testMToKm" time="0.298" classname="com.example.maven.measurement_calculator_annamajal.TestCalculateMeasure"/>
  <testcase name="testMToYard" time="0.127" classname="com.example.maven.measurement_calculator_annamajal.TestCalculateMeasure"/>
  <testcase name="testMToMile" time="0.145" classname="com.example.maven.measurement_calculator_annamajal.TestCalculateMeasure"/>
  <testcase name="testMToM" time="0.253" classname="com.example.maven.measurement_calculator_annamajal.TestCalculateMeasure"/>
  <testcase name="testMToFoot" time="0.233" classname="com.example.maven.measurement_calculator_annamajal.TestCalculateMeasure"/>
  <testcase name="testMToMm" time="0.248" classname="com.example.maven.measurement_calculator_annamajal.TestCalculateMeasure"/>
  <testcase name="testMToInch" time="0.160" classname="com.example.maven.measurement_calculator_annamajal.TestCalculateMeasure"/>
  <testcase name="testSetGetInputValue" time="0.045" classname="com.example.maven.measurement_calculator_annamajal.TestCalculateMeasure"/>
</testsuite> <!-- com.example.maven.measurement_calculator_annamajal.TestCalculateMeasure -->
